  Building Custom Rule C:/Users/k2002/source/repos/Collision/Collision/freeglut-3.4.0/CMakeLists.txt
  fg_callbacks.c
  fg_cursor.c
  fg_display.c
  fg_ext.c
  fg_font_data.c
  fg_gamemode.c
  fg_geometry.c
  fg_gl2.c
  fg_init.c
  fg_input_devices.c
  fg_joystick.c
  fg_main.c
  fg_misc.c
  fg_overlay.c
  fg_spaceball.c
  fg_state.c
  fg_stroke_mono_roman.c
  fg_stroke_roman.c
  fg_structure.c
  fg_teapot.c
  コードを生成中...
  コンパイル中...
  fg_videoresize.c
  fg_window.c
  fg_font.c
  fg_menu.c
  fg_cursor_mswin.c
  fg_display_mswin.c
  fg_ext_mswin.c
  fg_gamemode_mswin.c
  fg_init_mswin.c
  fg_input_devices_mswin.c
  fg_joystick_mswin.c
  fg_main_mswin.c
C:\Users\k2002\source\repos\Collision\Collision\freeglut-3.4.0\src\mswin\fg_main_mswin.c(47,80): warning C4312: '型キャスト': 'unsigned int' からより大きいサイズの 'pGetTouchInputInfo' へ変換します。
C:\Users\k2002\source\repos\Collision\Collision\freeglut-3.4.0\src\mswin\fg_main_mswin.c(48,92): warning C4312: '型キャスト': 'unsigned int' からより大きいサイズの 'pCloseTouchInputHandle' へ変換します。
C:\Users\k2002\source\repos\Collision\Collision\freeglut-3.4.0\src\mswin\fg_main_mswin.c(1510,67): warning C4312: '型キャスト': 'unsigned int' からより大きいサイズの 'pGetTouchInputInfo' へ変換します。
  fg_menu_mswin.c
  fg_spaceball_mswin.c
  fg_state_mswin.c
  fg_structure_mswin.c
  fg_window_mswin.c
C:\Users\k2002\source\repos\Collision\Collision\freeglut-3.4.0\src\mswin\fg_window_mswin.c(85,86): warning C4312: '型キャスト': 'unsigned int' からより大きいサイズの 'pRegisterTouchWindow' へ変換します。
C:\Users\k2002\source\repos\Collision\Collision\freeglut-3.4.0\src\mswin\fg_window_mswin.c(774,71): warning C4312: '型キャスト': 'unsigned int' からより大きいサイズの 'pRegisterTouchWindow' へ変換します。
  fg_cmap_mswin.c
  xparsegeometry_repl.c
  コードを生成中...
     ライブラリ C:/Users/k2002/source/repos/Collision/Collision/freeglut-3.4.0/build/lib/Release/freeglut.lib とオブジェクト C:/Users/k2002/source/repos/Collision/Collision/freeglut-3.4.0/build/lib/Release/freeglut.exp を作成中
  freeglut.vcxproj -> C:\Users\k2002\source\repos\Collision\Collision\freeglut-3.4.0\build\bin\Release\freeglut.dll
